<?xml version="1.0" encoding="UTF-8"?>
<testsuite name="com.aplus.life.LifeApplicationTests" tests="1" skipped="0" failures="0" errors="0" timestamp="2025-09-15T14:00:23.416Z" hostname="HUNT0451_PC" time="1.017">
  <properties/>
  <testcase name="contextLoads()" classname="com.aplus.life.LifeApplicationTests" time="1.017"/>
  <system-out><![CDATA[23:00:20.624 [Test worker] INFO org.springframework.test.context.support.AnnotationConfigContextLoaderUtils -- Could not detect default configuration classes for test class [com.aplus.life.LifeApplicationTests]: LifeApplicationTests does not declare any static, non-private, non-final, nested classes annotated with @Configuration.
23:00:20.778 [Test worker] INFO org.springframework.boot.test.context.SpringBootTestContextBootstrapper -- Found @SpringBootConfiguration com.aplus.life.LifeApplication for test class com.aplus.life.LifeApplicationTests

  .   ____          _            __ _ _
 /\\ / ___'_ __ _ _(_)_ __  __ _ \ \ \ \
( ( )\___ | '_ | '_| | '_ \/ _` | \ \ \ \
 \\/  ___)| |_)| | | | | || (_| |  ) ) ) )
  '  |____| .__|_| |_|_| |_\__, | / / / /
 =========|_|==============|___/=/_/_/_/

 :: Spring Boot ::                (v3.5.5)

2025-09-15T23:00:21.353+09:00  INFO 29800 --- [life] [    Test worker] com.aplus.life.LifeApplicationTests      : Starting LifeApplicationTests using Java 17.0.15 with PID 29800 (started by hunt0 in E:\project\springbootSample\life)
2025-09-15T23:00:21.355+09:00  INFO 29800 --- [life] [    Test worker] com.aplus.life.LifeApplicationTests      : No active profile set, falling back to 1 default profile: "default"
2025-09-15T23:00:22.609+09:00  WARN 29800 --- [life] [    Test worker] .s.s.UserDetailsServiceAutoConfiguration : 

Using generated security password: 1ecc18f7-82a1-45c5-8adb-a4add8dc8861

This generated password is for development use only. Your security configuration must be updated before running your application in production.

2025-09-15T23:00:22.631+09:00  INFO 29800 --- [life] [    Test worker] r$InitializeUserDetailsManagerConfigurer : Global AuthenticationManager configured with UserDetailsService bean with name inMemoryUserDetailsManager
2025-09-15T23:00:22.732+09:00  INFO 29800 --- [life] [    Test worker] o.s.b.a.w.s.WelcomePageHandlerMapping    : Adding welcome page template: index
2025-09-15T23:00:23.385+09:00  INFO 29800 --- [life] [    Test worker] com.aplus.life.LifeApplicationTests      : Started LifeApplicationTests in 2.439 seconds (process running for 3.886)
]]></system-out>
  <system-err><![CDATA[]]></system-err>
</testsuite>
